<?xml version="1.0" encoding="UTF-8"?>
<!-- Generated by org.testng.reporters.JUnitReportReporter -->
<testsuite hostname="Mds-MacBook-Pro.local" failures="0" tests="2" name="Qa.CucumberRunner.TestRunner" time="4.022" errors="2" timestamp="2021-10-06T17:07:09 EDT" skipped="0">
  <testcase classname="Qa.CucumberRunner.TestRunner" name="runScenario" time="2.460">
    <error message="session not created: This version of ChromeDriver only supports Chrome version 88
Current browser version is 94.0.4606.71 with binary path /Applications/Google Chrome.app/Contents/MacOS/Google Chrome
Build info: version: &#039;3.141.5&#039;, revision: &#039;d54ebd709a&#039;, time: &#039;2018-11-06T11:42:16&#039;
System info: host: &#039;Mds-MacBook-Pro.local&#039;, ip: &#039;2601:140:8b00:4090:3af9:d3ff:feb4:59c4%en0&#039;, os.name: &#039;Mac OS X&#039;, os.arch: &#039;x86_64&#039;, os.version: &#039;10.16&#039;, java.version: &#039;12.0.1&#039;
Driver info: driver.version: ChromeDriver
remote stacktrace: 0   chromedriver                        0x0000000109591909 chromedriver + 2533641
1   chromedriver                        0x0000000109c1bd53 chromedriver + 9391443
2   chromedriver                        0x000000010934f3c3 chromedriver + 164803
3   chromedriver                        0x0000000109373566 chromedriver + 312678
4   chromedriver                        0x000000010936f774 chromedriver + 296820
5   chromedriver                        0x000000010936c9a5 chromedriver + 285093
6   chromedriver                        0x000000010939f834 chromedriver + 493620
7   chromedriver                        0x000000010939ab43 chromedriver + 473923
8   chromedriver                        0x0000000109375616 chromedriver + 321046
9   chromedriver                        0x0000000109376587 chromedriver + 324999
10  chromedriver                        0x00000001095607f9 chromedriver + 2332665
11  chromedriver                        0x000000010956d963 chromedriver + 2386275
12  chromedriver                        0x000000010956d45b chromedriver + 2384987
13  chromedriver                        0x00000001095475b5 chromedriver + 2229685
14  chromedriver                        0x000000010956e3bf chromedriver + 2388927
15  chromedriver                        0x0000000109555c79 chromedriver + 2288761
16  chromedriver                        0x0000000109584f69 chromedriver + 2482025
17  chromedriver                        0x0000000109597103 chromedriver + 2556163
18  libsystem_pthread.dylib             0x00007fff204dd8fc _pthread_start + 224
19  libsystem_pthread.dylib             0x00007fff204d9443 thread_start + 15
" type="org.openqa.selenium.SessionNotCreatedException">
      <![CDATA[org.openqa.selenium.SessionNotCreatedException: session not created: This version of ChromeDriver only supports Chrome version 88
Current browser version is 94.0.4606.71 with binary path /Applications/Google Chrome.app/Contents/MacOS/Google Chrome
Build info: version: '3.141.5', revision: 'd54ebd709a', time: '2018-11-06T11:42:16'
System info: host: 'Mds-MacBook-Pro.local', ip: '2601:140:8b00:4090:3af9:d3ff:feb4:59c4%en0', os.name: 'Mac OS X', os.arch: 'x86_64', os.version: '10.16', java.version: '12.0.1'
Driver info: driver.version: ChromeDriver
remote stacktrace: 0   chromedriver                        0x0000000109591909 chromedriver + 2533641
1   chromedriver                        0x0000000109c1bd53 chromedriver + 9391443
2   chromedriver                        0x000000010934f3c3 chromedriver + 164803
3   chromedriver                        0x0000000109373566 chromedriver + 312678
4   chromedriver                        0x000000010936f774 chromedriver + 296820
5   chromedriver                        0x000000010936c9a5 chromedriver + 285093
6   chromedriver                        0x000000010939f834 chromedriver + 493620
7   chromedriver                        0x000000010939ab43 chromedriver + 473923
8   chromedriver                        0x0000000109375616 chromedriver + 321046
9   chromedriver                        0x0000000109376587 chromedriver + 324999
10  chromedriver                        0x00000001095607f9 chromedriver + 2332665
11  chromedriver                        0x000000010956d963 chromedriver + 2386275
12  chromedriver                        0x000000010956d45b chromedriver + 2384987
13  chromedriver                        0x00000001095475b5 chromedriver + 2229685
14  chromedriver                        0x000000010956e3bf chromedriver + 2388927
15  chromedriver                        0x0000000109555c79 chromedriver + 2288761
16  chromedriver                        0x0000000109584f69 chromedriver + 2482025
17  chromedriver                        0x0000000109597103 chromedriver + 2556163
18  libsystem_pthread.dylib             0x00007fff204dd8fc _pthread_start + 224
19  libsystem_pthread.dylib             0x00007fff204d9443 thread_start + 15

at java.base/jdk.internal.reflect.NativeConstructorAccessorImpl.newInstance0(Native Method)
at java.base/jdk.internal.reflect.NativeConstructorAccessorImpl.newInstance(NativeConstructorAccessorImpl.java:62)
at java.base/jdk.internal.reflect.DelegatingConstructorAccessorImpl.newInstance(DelegatingConstructorAccessorImpl.java:45)
at java.base/java.lang.reflect.Constructor.newInstanceWithCaller(Constructor.java:500)
at java.base/java.lang.reflect.Constructor.newInstance(Constructor.java:481)
at org.openqa.selenium.remote.W3CHandshakeResponse.lambda$errorHandler$0(W3CHandshakeResponse.java:62)
at org.openqa.selenium.remote.HandshakeResponse.lambda$getResponseFunction$0(HandshakeResponse.java:30)
at org.openqa.selenium.remote.ProtocolHandshake.lambda$createSession$0(ProtocolHandshake.java:123)
at java.base/java.util.stream.ReferencePipeline$3$1.accept(ReferencePipeline.java:195)
at java.base/java.util.Spliterators$ArraySpliterator.tryAdvance(Spliterators.java:958)
at java.base/java.util.stream.ReferencePipeline.forEachWithCancel(ReferencePipeline.java:127)
at java.base/java.util.stream.AbstractPipeline.copyIntoWithCancel(AbstractPipeline.java:502)
at java.base/java.util.stream.AbstractPipeline.copyInto(AbstractPipeline.java:488)
at java.base/java.util.stream.AbstractPipeline.wrapAndCopyInto(AbstractPipeline.java:474)
at java.base/java.util.stream.FindOps$FindOp.evaluateSequential(FindOps.java:150)
at java.base/java.util.stream.AbstractPipeline.evaluate(AbstractPipeline.java:234)
at java.base/java.util.stream.ReferencePipeline.findFirst(ReferencePipeline.java:543)
at org.openqa.selenium.remote.ProtocolHandshake.createSession(ProtocolHandshake.java:125)
at org.openqa.selenium.remote.ProtocolHandshake.createSession(ProtocolHandshake.java:74)
at org.openqa.selenium.remote.HttpCommandExecutor.execute(HttpCommandExecutor.java:136)
at org.openqa.selenium.remote.service.DriverCommandExecutor.execute(DriverCommandExecutor.java:83)
at org.openqa.selenium.remote.RemoteWebDriver.execute(RemoteWebDriver.java:552)
at org.openqa.selenium.remote.RemoteWebDriver.startSession(RemoteWebDriver.java:213)
at org.openqa.selenium.remote.RemoteWebDriver.<init>(RemoteWebDriver.java:131)
at org.openqa.selenium.chrome.ChromeDriver.<init>(ChromeDriver.java:181)
at org.openqa.selenium.chrome.ChromeDriver.<init>(ChromeDriver.java:168)
at org.openqa.selenium.chrome.ChromeDriver.<init>(ChromeDriver.java:123)
at Qa.Utility.DriverFactory.initLocalDriver(DriverFactory.java:112)
at Qa.Stepdefs.Hook.setUp(Hook.java:28)
]]>
    </error>
  </testcase> <!-- runScenario -->
  <system-out/>
  <testcase classname="Qa.CucumberRunner.TestRunner" name="runScenario" time="1.562">
    <error message="session not created: This version of ChromeDriver only supports Chrome version 88
Current browser version is 94.0.4606.71 with binary path /Applications/Google Chrome.app/Contents/MacOS/Google Chrome
Build info: version: &#039;3.141.5&#039;, revision: &#039;d54ebd709a&#039;, time: &#039;2018-11-06T11:42:16&#039;
System info: host: &#039;Mds-MacBook-Pro.local&#039;, ip: &#039;2601:140:8b00:4090:3af9:d3ff:feb4:59c4%en0&#039;, os.name: &#039;Mac OS X&#039;, os.arch: &#039;x86_64&#039;, os.version: &#039;10.16&#039;, java.version: &#039;12.0.1&#039;
Driver info: driver.version: ChromeDriver
remote stacktrace: 0   chromedriver                        0x000000010c8d4909 chromedriver + 2533641
1   chromedriver                        0x000000010cf5ed53 chromedriver + 9391443
2   chromedriver                        0x000000010c6923c3 chromedriver + 164803
3   chromedriver                        0x000000010c6b6566 chromedriver + 312678
4   chromedriver                        0x000000010c6b2774 chromedriver + 296820
5   chromedriver                        0x000000010c6af9a5 chromedriver + 285093
6   chromedriver                        0x000000010c6e2834 chromedriver + 493620
7   chromedriver                        0x000000010c6ddb43 chromedriver + 473923
8   chromedriver                        0x000000010c6b8616 chromedriver + 321046
9   chromedriver                        0x000000010c6b9587 chromedriver + 324999
10  chromedriver                        0x000000010c8a37f9 chromedriver + 2332665
11  chromedriver                        0x000000010c8b0963 chromedriver + 2386275
12  chromedriver                        0x000000010c8b045b chromedriver + 2384987
13  chromedriver                        0x000000010c88a5b5 chromedriver + 2229685
14  chromedriver                        0x000000010c8b13bf chromedriver + 2388927
15  chromedriver                        0x000000010c898c79 chromedriver + 2288761
16  chromedriver                        0x000000010c8c7f69 chromedriver + 2482025
17  chromedriver                        0x000000010c8da103 chromedriver + 2556163
18  libsystem_pthread.dylib             0x00007fff204dd8fc _pthread_start + 224
19  libsystem_pthread.dylib             0x00007fff204d9443 thread_start + 15
" type="org.openqa.selenium.SessionNotCreatedException">
      <![CDATA[org.openqa.selenium.SessionNotCreatedException: session not created: This version of ChromeDriver only supports Chrome version 88
Current browser version is 94.0.4606.71 with binary path /Applications/Google Chrome.app/Contents/MacOS/Google Chrome
Build info: version: '3.141.5', revision: 'd54ebd709a', time: '2018-11-06T11:42:16'
System info: host: 'Mds-MacBook-Pro.local', ip: '2601:140:8b00:4090:3af9:d3ff:feb4:59c4%en0', os.name: 'Mac OS X', os.arch: 'x86_64', os.version: '10.16', java.version: '12.0.1'
Driver info: driver.version: ChromeDriver
remote stacktrace: 0   chromedriver                        0x000000010c8d4909 chromedriver + 2533641
1   chromedriver                        0x000000010cf5ed53 chromedriver + 9391443
2   chromedriver                        0x000000010c6923c3 chromedriver + 164803
3   chromedriver                        0x000000010c6b6566 chromedriver + 312678
4   chromedriver                        0x000000010c6b2774 chromedriver + 296820
5   chromedriver                        0x000000010c6af9a5 chromedriver + 285093
6   chromedriver                        0x000000010c6e2834 chromedriver + 493620
7   chromedriver                        0x000000010c6ddb43 chromedriver + 473923
8   chromedriver                        0x000000010c6b8616 chromedriver + 321046
9   chromedriver                        0x000000010c6b9587 chromedriver + 324999
10  chromedriver                        0x000000010c8a37f9 chromedriver + 2332665
11  chromedriver                        0x000000010c8b0963 chromedriver + 2386275
12  chromedriver                        0x000000010c8b045b chromedriver + 2384987
13  chromedriver                        0x000000010c88a5b5 chromedriver + 2229685
14  chromedriver                        0x000000010c8b13bf chromedriver + 2388927
15  chromedriver                        0x000000010c898c79 chromedriver + 2288761
16  chromedriver                        0x000000010c8c7f69 chromedriver + 2482025
17  chromedriver                        0x000000010c8da103 chromedriver + 2556163
18  libsystem_pthread.dylib             0x00007fff204dd8fc _pthread_start + 224
19  libsystem_pthread.dylib             0x00007fff204d9443 thread_start + 15

at java.base/jdk.internal.reflect.NativeConstructorAccessorImpl.newInstance0(Native Method)
at java.base/jdk.internal.reflect.NativeConstructorAccessorImpl.newInstance(NativeConstructorAccessorImpl.java:62)
at java.base/jdk.internal.reflect.DelegatingConstructorAccessorImpl.newInstance(DelegatingConstructorAccessorImpl.java:45)
at java.base/java.lang.reflect.Constructor.newInstanceWithCaller(Constructor.java:500)
at java.base/java.lang.reflect.Constructor.newInstance(Constructor.java:481)
at org.openqa.selenium.remote.W3CHandshakeResponse.lambda$errorHandler$0(W3CHandshakeResponse.java:62)
at org.openqa.selenium.remote.HandshakeResponse.lambda$getResponseFunction$0(HandshakeResponse.java:30)
at org.openqa.selenium.remote.ProtocolHandshake.lambda$createSession$0(ProtocolHandshake.java:123)
at java.base/java.util.stream.ReferencePipeline$3$1.accept(ReferencePipeline.java:195)
at java.base/java.util.Spliterators$ArraySpliterator.tryAdvance(Spliterators.java:958)
at java.base/java.util.stream.ReferencePipeline.forEachWithCancel(ReferencePipeline.java:127)
at java.base/java.util.stream.AbstractPipeline.copyIntoWithCancel(AbstractPipeline.java:502)
at java.base/java.util.stream.AbstractPipeline.copyInto(AbstractPipeline.java:488)
at java.base/java.util.stream.AbstractPipeline.wrapAndCopyInto(AbstractPipeline.java:474)
at java.base/java.util.stream.FindOps$FindOp.evaluateSequential(FindOps.java:150)
at java.base/java.util.stream.AbstractPipeline.evaluate(AbstractPipeline.java:234)
at java.base/java.util.stream.ReferencePipeline.findFirst(ReferencePipeline.java:543)
at org.openqa.selenium.remote.ProtocolHandshake.createSession(ProtocolHandshake.java:125)
at org.openqa.selenium.remote.ProtocolHandshake.createSession(ProtocolHandshake.java:74)
at org.openqa.selenium.remote.HttpCommandExecutor.execute(HttpCommandExecutor.java:136)
at org.openqa.selenium.remote.service.DriverCommandExecutor.execute(DriverCommandExecutor.java:83)
at org.openqa.selenium.remote.RemoteWebDriver.execute(RemoteWebDriver.java:552)
at org.openqa.selenium.remote.RemoteWebDriver.startSession(RemoteWebDriver.java:213)
at org.openqa.selenium.remote.RemoteWebDriver.<init>(RemoteWebDriver.java:131)
at org.openqa.selenium.chrome.ChromeDriver.<init>(ChromeDriver.java:181)
at org.openqa.selenium.chrome.ChromeDriver.<init>(ChromeDriver.java:168)
at org.openqa.selenium.chrome.ChromeDriver.<init>(ChromeDriver.java:123)
at Qa.Utility.DriverFactory.initLocalDriver(DriverFactory.java:112)
at Qa.Stepdefs.Hook.setUp(Hook.java:28)
]]>
    </error>
  </testcase> <!-- runScenario -->
  <system-out/>
</testsuite> <!-- Qa.CucumberRunner.TestRunner -->
