[
  {
    "line": 1,
    "elements": [
      {
        "start_timestamp": "2021-11-09T22:21:11.229Z",
        "before": [
          {
            "result": {
              "error_message": "org.openqa.selenium.SessionNotCreatedException: session not created: This version of ChromeDriver only supports Chrome version 93\nCurrent browser version is 95.0.4638.69 with binary path /Applications/Google Chrome.app/Contents/MacOS/Google Chrome\nBuild info: version: \u00273.141.5\u0027, revision: \u0027d54ebd709a\u0027, time: \u00272018-11-06T11:42:16\u0027\nSystem info: host: \u0027Mds-MacBook-Pro.local\u0027, ip: \u00272601:140:8b00:4090:3af9:d3ff:feb4:59c4%en0\u0027, os.name: \u0027Mac OS X\u0027, os.arch: \u0027x86_64\u0027, os.version: \u002710.16\u0027, java.version: \u002712.0.1\u0027\nDriver info: driver.version: ChromeDriver\nremote stacktrace: 0   chromedriver                        0x000000010ec536d9 chromedriver + 2758361\n1   chromedriver                        0x000000010f306893 chromedriver + 9783443\n2   chromedriver                        0x000000010e9dead8 chromedriver + 183000\n3   chromedriver                        0x000000010ea047e5 chromedriver + 337893\n4   chromedriver                        0x000000010ea00403 chromedriver + 320515\n5   chromedriver                        0x000000010e9fcb16 chromedriver + 305942\n6   chromedriver                        0x000000010ea35a82 chromedriver + 539266\n7   chromedriver                        0x000000010ea2fd43 chromedriver + 515395\n8   chromedriver                        0x000000010ea06a0e chromedriver + 346638\n9   chromedriver                        0x000000010ea07c75 chromedriver + 351349\n10  chromedriver                        0x000000010ec1a1df chromedriver + 2523615\n11  chromedriver                        0x000000010ec2c9f2 chromedriver + 2599410\n12  chromedriver                        0x000000010ebff02b chromedriver + 2412587\n13  chromedriver                        0x000000010ec2de1a chromedriver + 2604570\n14  chromedriver                        0x000000010ec0f96c chromedriver + 2480492\n15  chromedriver                        0x000000010ec47d38 chromedriver + 2710840\n16  chromedriver                        0x000000010ec47ec1 chromedriver + 2711233\n17  chromedriver                        0x000000010ec586f8 chromedriver + 2778872\n18  libsystem_pthread.dylib             0x00007ff813eda514 _pthread_start + 125\n19  libsystem_pthread.dylib             0x00007ff813ed602f thread_start + 15\n\n\tat java.base/jdk.internal.reflect.NativeConstructorAccessorImpl.newInstance0(Native Method)\n\tat java.base/jdk.internal.reflect.NativeConstructorAccessorImpl.newInstance(NativeConstructorAccessorImpl.java:62)\n\tat java.base/jdk.internal.reflect.DelegatingConstructorAccessorImpl.newInstance(DelegatingConstructorAccessorImpl.java:45)\n\tat java.base/java.lang.reflect.Constructor.newInstanceWithCaller(Constructor.java:500)\n\tat java.base/java.lang.reflect.Constructor.newInstance(Constructor.java:481)\n\tat org.openqa.selenium.remote.W3CHandshakeResponse.lambda$errorHandler$0(W3CHandshakeResponse.java:62)\n\tat org.openqa.selenium.remote.HandshakeResponse.lambda$getResponseFunction$0(HandshakeResponse.java:30)\n\tat org.openqa.selenium.remote.ProtocolHandshake.lambda$createSession$0(ProtocolHandshake.java:123)\n\tat java.base/java.util.stream.ReferencePipeline$3$1.accept(ReferencePipeline.java:195)\n\tat java.base/java.util.Spliterators$ArraySpliterator.tryAdvance(Spliterators.java:958)\n\tat java.base/java.util.stream.ReferencePipeline.forEachWithCancel(ReferencePipeline.java:127)\n\tat java.base/java.util.stream.AbstractPipeline.copyIntoWithCancel(AbstractPipeline.java:502)\n\tat java.base/java.util.stream.AbstractPipeline.copyInto(AbstractPipeline.java:488)\n\tat java.base/java.util.stream.AbstractPipeline.wrapAndCopyInto(AbstractPipeline.java:474)\n\tat java.base/java.util.stream.FindOps$FindOp.evaluateSequential(FindOps.java:150)\n\tat java.base/java.util.stream.AbstractPipeline.evaluate(AbstractPipeline.java:234)\n\tat java.base/java.util.stream.ReferencePipeline.findFirst(ReferencePipeline.java:543)\n\tat org.openqa.selenium.remote.ProtocolHandshake.createSession(ProtocolHandshake.java:125)\n\tat org.openqa.selenium.remote.ProtocolHandshake.createSession(ProtocolHandshake.java:74)\n\tat org.openqa.selenium.remote.HttpCommandExecutor.execute(HttpCommandExecutor.java:136)\n\tat org.openqa.selenium.remote.service.DriverCommandExecutor.execute(DriverCommandExecutor.java:83)\n\tat org.openqa.selenium.remote.RemoteWebDriver.execute(RemoteWebDriver.java:552)\n\tat org.openqa.selenium.remote.RemoteWebDriver.startSession(RemoteWebDriver.java:213)\n\tat org.openqa.selenium.remote.RemoteWebDriver.\u003cinit\u003e(RemoteWebDriver.java:131)\n\tat org.openqa.selenium.chrome.ChromeDriver.\u003cinit\u003e(ChromeDriver.java:181)\n\tat org.openqa.selenium.chrome.ChromeDriver.\u003cinit\u003e(ChromeDriver.java:168)\n\tat org.openqa.selenium.chrome.ChromeDriver.\u003cinit\u003e(ChromeDriver.java:123)\n\tat Qa.Utility.DriverFactory.initLocalDriver(DriverFactory.java:112)\n\tat Qa.Stepdefs.Hook.setUp(Hook.java:28)\n",
              "duration": 2267037000,
              "status": "failed"
            },
            "match": {
              "location": "Qa.Stepdefs.Hook.setUp()"
            }
          }
        ],
        "line": 5,
        "name": "User able to create new expense list",
        "description": "",
        "id": "user-is-able-to-perform-expoense-functionality;user-able-to-create-new-expense-list",
        "after": [
          {
            "result": {
              "error_message": "java.lang.NullPointerException\n\tat Qa.Utility.ScreenshotFactory.CaptureAndEmbedScreenshot(ScreenshotFactory.java:48)\n\tat Qa.Stepdefs.Hook.tearDown(Hook.java:46)\n",
              "duration": 6682000,
              "status": "failed"
            },
            "match": {
              "location": "Qa.Stepdefs.Hook.tearDown(io.cucumber.java.Scenario)"
            }
          }
        ],
        "type": "scenario",
        "keyword": "Scenario",
        "steps": [
          {
            "result": {
              "duration": 2583000,
              "status": "skipped"
            },
            "line": 6,
            "name": "User is on BudgetExplorer Home Page",
            "match": {
              "location": "Qa.Stepdefs.Home.HomePageStep.user_is_on_budget_explorer_home_page()"
            },
            "keyword": "Given "
          },
          {
            "result": {
              "duration": 1094000,
              "status": "skipped"
            },
            "line": 7,
            "name": "User got to Expense page",
            "match": {
              "location": "Qa.Stepdefs.Home.HomePageStep.user_got_to_expense_page()"
            },
            "keyword": "And "
          }
        ],
        "tags": [
          {
            "name": "@RegressionTest"
          },
          {
            "name": "@WIP"
          }
        ]
      },
      {
        "start_timestamp": "2021-11-09T22:21:13.591Z",
        "before": [
          {
            "result": {
              "error_message": "org.openqa.selenium.SessionNotCreatedException: session not created: This version of ChromeDriver only supports Chrome version 93\nCurrent browser version is 95.0.4638.69 with binary path /Applications/Google Chrome.app/Contents/MacOS/Google Chrome\nBuild info: version: \u00273.141.5\u0027, revision: \u0027d54ebd709a\u0027, time: \u00272018-11-06T11:42:16\u0027\nSystem info: host: \u0027Mds-MacBook-Pro.local\u0027, ip: \u00272601:140:8b00:4090:3af9:d3ff:feb4:59c4%en0\u0027, os.name: \u0027Mac OS X\u0027, os.arch: \u0027x86_64\u0027, os.version: \u002710.16\u0027, java.version: \u002712.0.1\u0027\nDriver info: driver.version: ChromeDriver\nremote stacktrace: 0   chromedriver                        0x000000010d0e36d9 chromedriver + 2758361\n1   chromedriver                        0x000000010d796893 chromedriver + 9783443\n2   chromedriver                        0x000000010ce6ead8 chromedriver + 183000\n3   chromedriver                        0x000000010ce947e5 chromedriver + 337893\n4   chromedriver                        0x000000010ce90403 chromedriver + 320515\n5   chromedriver                        0x000000010ce8cb16 chromedriver + 305942\n6   chromedriver                        0x000000010cec5a82 chromedriver + 539266\n7   chromedriver                        0x000000010cebfd43 chromedriver + 515395\n8   chromedriver                        0x000000010ce96a0e chromedriver + 346638\n9   chromedriver                        0x000000010ce97c75 chromedriver + 351349\n10  chromedriver                        0x000000010d0aa1df chromedriver + 2523615\n11  chromedriver                        0x000000010d0bc9f2 chromedriver + 2599410\n12  chromedriver                        0x000000010d08f02b chromedriver + 2412587\n13  chromedriver                        0x000000010d0bde1a chromedriver + 2604570\n14  chromedriver                        0x000000010d09f96c chromedriver + 2480492\n15  chromedriver                        0x000000010d0d7d38 chromedriver + 2710840\n16  chromedriver                        0x000000010d0d7ec1 chromedriver + 2711233\n17  chromedriver                        0x000000010d0e86f8 chromedriver + 2778872\n18  libsystem_pthread.dylib             0x00007ff813eda514 _pthread_start + 125\n19  libsystem_pthread.dylib             0x00007ff813ed602f thread_start + 15\n\n\tat java.base/jdk.internal.reflect.NativeConstructorAccessorImpl.newInstance0(Native Method)\n\tat java.base/jdk.internal.reflect.NativeConstructorAccessorImpl.newInstance(NativeConstructorAccessorImpl.java:62)\n\tat java.base/jdk.internal.reflect.DelegatingConstructorAccessorImpl.newInstance(DelegatingConstructorAccessorImpl.java:45)\n\tat java.base/java.lang.reflect.Constructor.newInstanceWithCaller(Constructor.java:500)\n\tat java.base/java.lang.reflect.Constructor.newInstance(Constructor.java:481)\n\tat org.openqa.selenium.remote.W3CHandshakeResponse.lambda$errorHandler$0(W3CHandshakeResponse.java:62)\n\tat org.openqa.selenium.remote.HandshakeResponse.lambda$getResponseFunction$0(HandshakeResponse.java:30)\n\tat org.openqa.selenium.remote.ProtocolHandshake.lambda$createSession$0(ProtocolHandshake.java:123)\n\tat java.base/java.util.stream.ReferencePipeline$3$1.accept(ReferencePipeline.java:195)\n\tat java.base/java.util.Spliterators$ArraySpliterator.tryAdvance(Spliterators.java:958)\n\tat java.base/java.util.stream.ReferencePipeline.forEachWithCancel(ReferencePipeline.java:127)\n\tat java.base/java.util.stream.AbstractPipeline.copyIntoWithCancel(AbstractPipeline.java:502)\n\tat java.base/java.util.stream.AbstractPipeline.copyInto(AbstractPipeline.java:488)\n\tat java.base/java.util.stream.AbstractPipeline.wrapAndCopyInto(AbstractPipeline.java:474)\n\tat java.base/java.util.stream.FindOps$FindOp.evaluateSequential(FindOps.java:150)\n\tat java.base/java.util.stream.AbstractPipeline.evaluate(AbstractPipeline.java:234)\n\tat java.base/java.util.stream.ReferencePipeline.findFirst(ReferencePipeline.java:543)\n\tat org.openqa.selenium.remote.ProtocolHandshake.createSession(ProtocolHandshake.java:125)\n\tat org.openqa.selenium.remote.ProtocolHandshake.createSession(ProtocolHandshake.java:74)\n\tat org.openqa.selenium.remote.HttpCommandExecutor.execute(HttpCommandExecutor.java:136)\n\tat org.openqa.selenium.remote.service.DriverCommandExecutor.execute(DriverCommandExecutor.java:83)\n\tat org.openqa.selenium.remote.RemoteWebDriver.execute(RemoteWebDriver.java:552)\n\tat org.openqa.selenium.remote.RemoteWebDriver.startSession(RemoteWebDriver.java:213)\n\tat org.openqa.selenium.remote.RemoteWebDriver.\u003cinit\u003e(RemoteWebDriver.java:131)\n\tat org.openqa.selenium.chrome.ChromeDriver.\u003cinit\u003e(ChromeDriver.java:181)\n\tat org.openqa.selenium.chrome.ChromeDriver.\u003cinit\u003e(ChromeDriver.java:168)\n\tat org.openqa.selenium.chrome.ChromeDriver.\u003cinit\u003e(ChromeDriver.java:123)\n\tat Qa.Utility.DriverFactory.initLocalDriver(DriverFactory.java:112)\n\tat Qa.Stepdefs.Hook.setUp(Hook.java:28)\n",
              "duration": 1571184000,
              "status": "failed"
            },
            "match": {
              "location": "Qa.Stepdefs.Hook.setUp()"
            }
          }
        ],
        "line": 13,
        "name": "User able to view all the Expense List",
        "description": "",
        "id": "user-is-able-to-perform-expoense-functionality;user-able-to-view-all-the-expense-list",
        "after": [
          {
            "result": {
              "error_message": "java.lang.NullPointerException\n\tat Qa.Utility.ScreenshotFactory.CaptureAndEmbedScreenshot(ScreenshotFactory.java:48)\n\tat Qa.Stepdefs.Hook.tearDown(Hook.java:46)\n",
              "duration": 659000,
              "status": "failed"
            },
            "match": {
              "location": "Qa.Stepdefs.Hook.tearDown(io.cucumber.java.Scenario)"
            }
          }
        ],
        "type": "scenario",
        "keyword": "Scenario",
        "steps": [
          {
            "result": {
              "duration": 216000,
              "status": "skipped"
            },
            "line": 14,
            "name": "User is on BudgetExplorer Home Page",
            "match": {
              "location": "Qa.Stepdefs.Home.HomePageStep.user_is_on_budget_explorer_home_page()"
            },
            "keyword": "Given "
          },
          {
            "result": {
              "duration": 282000,
              "status": "skipped"
            },
            "line": 15,
            "name": "User got to Expense page",
            "match": {
              "location": "Qa.Stepdefs.Home.HomePageStep.user_got_to_expense_page()"
            },
            "keyword": "And "
          },
          {
            "result": {
              "duration": 784000,
              "status": "skipped"
            },
            "line": 16,
            "name": "User Log In with valid User \"Topa\" and valid password \"tishan\"",
            "match": {
              "arguments": [
                {
                  "val": "\"Topa\"",
                  "offset": 28
                },
                {
                  "val": "\"tishan\"",
                  "offset": 54
                }
              ],
              "location": "Qa.Stepdefs.Expense.ExpensePageSteps.user_log_in_with_valid_user_and_valid_password(java.lang.String,java.lang.String)"
            },
            "keyword": "When "
          },
          {
            "result": {
              "duration": 216000,
              "status": "skipped"
            },
            "line": 17,
            "name": "User able to log in and land on Expense page",
            "match": {
              "location": "Qa.Stepdefs.Expense.ExpensePageSteps.user_able_to_log_in_and_land_on_expense_page()"
            },
            "keyword": "And "
          },
          {
            "result": {
              "duration": 245000,
              "status": "skipped"
            },
            "line": 18,
            "name": "User open list table",
            "match": {
              "location": "Qa.Stepdefs.Expense.ExpensePageSteps.user_open_list_table()"
            },
            "keyword": "When "
          }
        ],
        "tags": [
          {
            "name": "@RegressionTest"
          },
          {
            "name": "@WIP"
          }
        ]
      }
    ],
    "name": "User is able to perform Expoense functionality",
    "description": "",
    "id": "user-is-able-to-perform-expoense-functionality",
    "keyword": "Feature",
    "uri": "file:src/main/java/Qa/Features/Expense/Expense.feature",
    "tags": []
  }
]